Runnng on ccc0388.campuscluster.illinois.edu
Mon Nov  4 22:06:41 2024       
+-----------------------------------------------------------------------------------------+
| NVIDIA-SMI 550.90.07              Driver Version: 550.90.07      CUDA Version: 12.4     |
|-----------------------------------------+------------------------+----------------------+
| GPU  Name                 Persistence-M | Bus-Id          Disp.A | Volatile Uncorr. ECC |
| Fan  Temp   Perf          Pwr:Usage/Cap |           Memory-Usage | GPU-Util  Compute M. |
|                                         |                        |               MIG M. |
|=========================================+========================+======================|
|   0  NVIDIA A100-SXM4-80GB          Off |   00000000:C1:00.0 Off |                    0 |
| N/A   23C    P0             59W /  500W |       1MiB /  81920MiB |     26%      Default |
|                                         |                        |             Disabled |
+-----------------------------------------+------------------------+----------------------+
                                                                                         
+-----------------------------------------------------------------------------------------+
| Processes:                                                                              |
|  GPU   GI   CI        PID   Type   Process name                              GPU Memory |
|        ID   ID                                                               Usage      |
|=========================================================================================|
|  No running processes found                                                             |
+-----------------------------------------------------------------------------------------+
loading annotations into memory...
Done (t=0.50s)
creating index...
index created!
2024-11-04 22:06:51: INFO dataset.py:52] Preloading train Images Strings into memory
2024-11-04 22:07:03: INFO dataset.py:60] Preloaded 500 / 5000 train images
2024-11-04 22:07:12: INFO dataset.py:60] Preloaded 1000 / 5000 train images
2024-11-04 22:07:21: INFO dataset.py:60] Preloaded 1500 / 5000 train images
2024-11-04 22:07:31: INFO dataset.py:60] Preloaded 2000 / 5000 train images
2024-11-04 22:07:39: INFO dataset.py:60] Preloaded 2500 / 5000 train images
2024-11-04 22:07:46: INFO dataset.py:60] Preloaded 3000 / 5000 train images
2024-11-04 22:07:56: INFO dataset.py:60] Preloaded 3500 / 5000 train images
2024-11-04 22:08:10: INFO dataset.py:60] Preloaded 4000 / 5000 train images
2024-11-04 22:08:21: INFO dataset.py:60] Preloaded 4500 / 5000 train images
2024-11-04 22:08:32: INFO dataset.py:60] Preloaded 5000 / 5000 train images
2024-11-04 22:08:32: INFO dataset.py:61] Finished Preloading train Images.
loading annotations into memory...
Done (t=0.07s)
creating index...
index created!
2024-11-04 22:08:33: INFO dataset.py:52] Preloading val Images Strings into memory
2024-11-04 22:08:42: INFO dataset.py:60] Preloaded 500 / 1250 val images
2024-11-04 22:08:51: INFO dataset.py:60] Preloaded 1000 / 1250 val images
2024-11-04 22:08:55: INFO dataset.py:61] Finished Preloading val Images.
Downloading: "https://download.pytorch.org/models/resnet50-11ad3fa6.pth" to /home/laiwei4/.cache/torch/hub/checkpoints/resnet50-11ad3fa6.pth
  0%|          | 0.00/97.8M [00:00<?, ?B/s] 39%|███▊      | 37.9M/97.8M [00:00<00:00, 397MB/s] 77%|███████▋  | 75.8M/97.8M [00:00<00:00, 354MB/s]100%|██████████| 97.8M/97.8M [00:00<00:00, 190MB/s]
Traceback (most recent call last):
  File "/home/laiwei4/CS444MP3/demo.py", line 173, in <module>
    app.run(main)
  File "/projects/illinois/class/cs444/saurabhg/fa2024/mp3/venv/lib/python3.9/site-packages/absl/app.py", line 308, in run
    _run_main(main, args)
  File "/projects/illinois/class/cs444/saurabhg/fa2024/mp3/venv/lib/python3.9/site-packages/absl/app.py", line 254, in _run_main
    sys.exit(main(argv))
  File "/home/laiwei4/CS444MP3/demo.py", line 103, in main
    outs = model(image)
  File "/projects/illinois/class/cs444/saurabhg/fa2024/mp3/venv/lib/python3.9/site-packages/torch/nn/modules/module.py", line 1736, in _wrapped_call_impl
    return self._call_impl(*args, **kwargs)
  File "/projects/illinois/class/cs444/saurabhg/fa2024/mp3/venv/lib/python3.9/site-packages/torch/nn/modules/module.py", line 1747, in _call_impl
    return forward_call(*args, **kwargs)
  File "/home/laiwei4/CS444MP3/network.py", line 300, in forward
    outs.append((cls, bbox, a(f)))
  File "/projects/illinois/class/cs444/saurabhg/fa2024/mp3/venv/lib/python3.9/site-packages/torch/nn/modules/module.py", line 1736, in _wrapped_call_impl
    return self._call_impl(*args, **kwargs)
  File "/projects/illinois/class/cs444/saurabhg/fa2024/mp3/venv/lib/python3.9/site-packages/torch/nn/modules/module.py", line 1747, in _call_impl
    return forward_call(*args, **kwargs)
  File "/home/laiwei4/CS444MP3/network.py", line 107, in forward
    anchors_for_one = anchors_for_one_pixel + offsets
RuntimeError: Expected all tensors to be on the same device, but found at least two devices, cuda:0 and cpu!
